08/06/2020 11:03:19 AM New node_iterating: ConvBNRelu
08/06/2020 11:03:19 AM Filter Dimension i_ch,fs1,fs2,o_ch: [3,3,3,32]
08/06/2020 11:03:19 AM Stride: 2
08/06/2020 11:03:19 AM Padding: 1, 1, 1, 1
08/06/2020 11:03:19 AM Groups 1
08/06/2020 11:03:19 AM MACs 3538944
08/06/2020 11:03:19 AM In-Out dimensions: [128,128], [64,64]
08/06/2020 11:03:19 AM Weigths: present 
08/06/2020 11:03:19 AM k: present 
08/06/2020 11:03:19 AM lambd: present 
08/06/2020 11:03:19 AM outmul: present 
08/06/2020 11:03:19 AM outshift: present 
08/06/2020 11:03:19 AM Input branch: 0
08/06/2020 11:03:19 AM Output branch: 0
08/06/2020 11:03:19 AM Input: 0
08/06/2020 11:03:19 AM Output: 235
08/06/2020 11:03:19 AM  
08/06/2020 11:03:19 AM New node_iterating: ConvDWBNRelu
08/06/2020 11:03:19 AM Filter Dimension i_ch,fs1,fs2,o_ch: [1,3,3,32]
08/06/2020 11:03:19 AM Stride: 1
08/06/2020 11:03:19 AM Padding: 1, 1, 1, 1
08/06/2020 11:03:19 AM Groups 32
08/06/2020 11:03:19 AM MACs 1179648
08/06/2020 11:03:19 AM In-Out dimensions: [64,64], [64,64]
08/06/2020 11:03:19 AM Weigths: present 
08/06/2020 11:03:19 AM k: present 
08/06/2020 11:03:19 AM lambd: present 
08/06/2020 11:03:19 AM outmul: present 
08/06/2020 11:03:19 AM outshift: present 
08/06/2020 11:03:19 AM Input branch: 0
08/06/2020 11:03:19 AM Output branch: 0
08/06/2020 11:03:19 AM Input: 235
08/06/2020 11:03:19 AM Output: 246
08/06/2020 11:03:19 AM  
08/06/2020 11:03:19 AM New node_iterating: ConvBNRelu
08/06/2020 11:03:19 AM Filter Dimension i_ch,fs1,fs2,o_ch: [32,1,1,64]
08/06/2020 11:03:19 AM Stride: 1
08/06/2020 11:03:19 AM Padding: 0, 0, 0, 0
08/06/2020 11:03:19 AM Groups 1
08/06/2020 11:03:19 AM MACs 8388608
08/06/2020 11:03:19 AM In-Out dimensions: [64,64], [64,64]
08/06/2020 11:03:19 AM Weigths: present 
08/06/2020 11:03:19 AM k: present 
08/06/2020 11:03:19 AM lambd: present 
08/06/2020 11:03:19 AM outmul: present 
08/06/2020 11:03:19 AM outshift: present 
08/06/2020 11:03:19 AM Input branch: 0
08/06/2020 11:03:19 AM Output branch: 0
08/06/2020 11:03:19 AM Input: 246
08/06/2020 11:03:19 AM Output: 257
08/06/2020 11:03:19 AM  
08/06/2020 11:03:19 AM New node_iterating: ConvDWBNRelu
08/06/2020 11:03:19 AM Filter Dimension i_ch,fs1,fs2,o_ch: [1,3,3,64]
08/06/2020 11:03:19 AM Stride: 2
08/06/2020 11:03:19 AM Padding: 1, 1, 1, 1
08/06/2020 11:03:19 AM Groups 64
08/06/2020 11:03:19 AM MACs 589824
08/06/2020 11:03:19 AM In-Out dimensions: [64,64], [32,32]
08/06/2020 11:03:19 AM Weigths: present 
08/06/2020 11:03:19 AM k: present 
08/06/2020 11:03:19 AM lambd: present 
08/06/2020 11:03:19 AM outmul: present 
08/06/2020 11:03:19 AM outshift: present 
08/06/2020 11:03:19 AM Input branch: 0
08/06/2020 11:03:19 AM Output branch: 0
08/06/2020 11:03:19 AM Input: 257
08/06/2020 11:03:19 AM Output: 268
08/06/2020 11:03:19 AM  
08/06/2020 11:03:19 AM New node_iterating: ConvBNRelu
08/06/2020 11:03:19 AM Filter Dimension i_ch,fs1,fs2,o_ch: [64,1,1,128]
08/06/2020 11:03:19 AM Stride: 1
08/06/2020 11:03:19 AM Padding: 0, 0, 0, 0
08/06/2020 11:03:19 AM Groups 1
08/06/2020 11:03:19 AM MACs 8388608
08/06/2020 11:03:19 AM In-Out dimensions: [32,32], [32,32]
08/06/2020 11:03:19 AM Weigths: present 
08/06/2020 11:03:19 AM k: present 
08/06/2020 11:03:19 AM lambd: present 
08/06/2020 11:03:19 AM outmul: present 
08/06/2020 11:03:19 AM outshift: present 
08/06/2020 11:03:19 AM Input branch: 0
08/06/2020 11:03:19 AM Output branch: 0
08/06/2020 11:03:19 AM Input: 268
08/06/2020 11:03:19 AM Output: 279
08/06/2020 11:03:19 AM  
08/06/2020 11:03:19 AM New node_iterating: ConvDWBNRelu
08/06/2020 11:03:19 AM Filter Dimension i_ch,fs1,fs2,o_ch: [1,3,3,128]
08/06/2020 11:03:19 AM Stride: 1
08/06/2020 11:03:19 AM Padding: 1, 1, 1, 1
08/06/2020 11:03:19 AM Groups 128
08/06/2020 11:03:19 AM MACs 1179648
08/06/2020 11:03:19 AM In-Out dimensions: [32,32], [32,32]
08/06/2020 11:03:19 AM Weigths: present 
08/06/2020 11:03:19 AM k: present 
08/06/2020 11:03:19 AM lambd: present 
08/06/2020 11:03:19 AM outmul: present 
08/06/2020 11:03:19 AM outshift: present 
08/06/2020 11:03:19 AM Input branch: 0
08/06/2020 11:03:19 AM Output branch: 0
08/06/2020 11:03:19 AM Input: 279
08/06/2020 11:03:19 AM Output: 290
08/06/2020 11:03:19 AM  
08/06/2020 11:03:19 AM New node_iterating: ConvBNRelu
08/06/2020 11:03:19 AM Filter Dimension i_ch,fs1,fs2,o_ch: [128,1,1,128]
08/06/2020 11:03:19 AM Stride: 1
08/06/2020 11:03:19 AM Padding: 0, 0, 0, 0
08/06/2020 11:03:19 AM Groups 1
08/06/2020 11:03:19 AM MACs 16777216
08/06/2020 11:03:19 AM In-Out dimensions: [32,32], [32,32]
08/06/2020 11:03:19 AM Weigths: present 
08/06/2020 11:03:19 AM k: present 
08/06/2020 11:03:19 AM lambd: present 
08/06/2020 11:03:19 AM outmul: present 
08/06/2020 11:03:19 AM outshift: present 
08/06/2020 11:03:19 AM Input branch: 0
08/06/2020 11:03:19 AM Output branch: 0
08/06/2020 11:03:19 AM Input: 290
08/06/2020 11:03:19 AM Output: 301
08/06/2020 11:03:19 AM  
08/06/2020 11:03:19 AM New node_iterating: ConvDWBNRelu
08/06/2020 11:03:19 AM Filter Dimension i_ch,fs1,fs2,o_ch: [1,3,3,128]
08/06/2020 11:03:19 AM Stride: 2
08/06/2020 11:03:19 AM Padding: 1, 1, 1, 1
08/06/2020 11:03:19 AM Groups 128
08/06/2020 11:03:19 AM MACs 294912
08/06/2020 11:03:19 AM In-Out dimensions: [32,32], [16,16]
08/06/2020 11:03:19 AM Weigths: present 
08/06/2020 11:03:19 AM k: present 
08/06/2020 11:03:19 AM lambd: present 
08/06/2020 11:03:19 AM outmul: present 
08/06/2020 11:03:19 AM outshift: present 
08/06/2020 11:03:19 AM Input branch: 0
08/06/2020 11:03:19 AM Output branch: 0
08/06/2020 11:03:19 AM Input: 301
08/06/2020 11:03:19 AM Output: 312
08/06/2020 11:03:19 AM  
08/06/2020 11:03:19 AM New node_iterating: ConvBNRelu
08/06/2020 11:03:19 AM Filter Dimension i_ch,fs1,fs2,o_ch: [128,1,1,256]
08/06/2020 11:03:19 AM Stride: 1
08/06/2020 11:03:19 AM Padding: 0, 0, 0, 0
08/06/2020 11:03:19 AM Groups 1
08/06/2020 11:03:19 AM MACs 8388608
08/06/2020 11:03:19 AM In-Out dimensions: [16,16], [16,16]
08/06/2020 11:03:19 AM Weigths: present 
08/06/2020 11:03:19 AM k: present 
08/06/2020 11:03:19 AM lambd: present 
08/06/2020 11:03:19 AM outmul: present 
08/06/2020 11:03:19 AM outshift: present 
08/06/2020 11:03:19 AM Input branch: 0
08/06/2020 11:03:19 AM Output branch: 0
08/06/2020 11:03:19 AM Input: 312
08/06/2020 11:03:19 AM Output: 323
08/06/2020 11:03:19 AM  
08/06/2020 11:03:19 AM New node_iterating: ConvDWBNRelu
08/06/2020 11:03:19 AM Filter Dimension i_ch,fs1,fs2,o_ch: [1,3,3,256]
08/06/2020 11:03:19 AM Stride: 1
08/06/2020 11:03:19 AM Padding: 1, 1, 1, 1
08/06/2020 11:03:19 AM Groups 256
08/06/2020 11:03:19 AM MACs 589824
08/06/2020 11:03:19 AM In-Out dimensions: [16,16], [16,16]
08/06/2020 11:03:19 AM Weigths: present 
08/06/2020 11:03:19 AM k: present 
08/06/2020 11:03:19 AM lambd: present 
08/06/2020 11:03:19 AM outmul: present 
08/06/2020 11:03:19 AM outshift: present 
08/06/2020 11:03:19 AM Input branch: 0
08/06/2020 11:03:19 AM Output branch: 0
08/06/2020 11:03:19 AM Input: 323
08/06/2020 11:03:19 AM Output: 334
08/06/2020 11:03:19 AM  
08/06/2020 11:03:19 AM New node_iterating: ConvBNRelu
08/06/2020 11:03:19 AM Filter Dimension i_ch,fs1,fs2,o_ch: [256,1,1,256]
08/06/2020 11:03:19 AM Stride: 1
08/06/2020 11:03:19 AM Padding: 0, 0, 0, 0
08/06/2020 11:03:19 AM Groups 1
08/06/2020 11:03:19 AM MACs 16777216
08/06/2020 11:03:19 AM In-Out dimensions: [16,16], [16,16]
08/06/2020 11:03:19 AM Weigths: present 
08/06/2020 11:03:19 AM k: present 
08/06/2020 11:03:19 AM lambd: present 
08/06/2020 11:03:19 AM outmul: present 
08/06/2020 11:03:19 AM outshift: present 
08/06/2020 11:03:19 AM Input branch: 0
08/06/2020 11:03:19 AM Output branch: 0
08/06/2020 11:03:19 AM Input: 334
08/06/2020 11:03:19 AM Output: 345
08/06/2020 11:03:19 AM  
08/06/2020 11:03:19 AM New node_iterating: ConvDWBNRelu
08/06/2020 11:03:19 AM Filter Dimension i_ch,fs1,fs2,o_ch: [1,3,3,256]
08/06/2020 11:03:19 AM Stride: 2
08/06/2020 11:03:19 AM Padding: 1, 1, 1, 1
08/06/2020 11:03:19 AM Groups 256
08/06/2020 11:03:19 AM MACs 147456
08/06/2020 11:03:19 AM In-Out dimensions: [16,16], [8,8]
08/06/2020 11:03:19 AM Weigths: present 
08/06/2020 11:03:19 AM k: present 
08/06/2020 11:03:19 AM lambd: present 
08/06/2020 11:03:19 AM outmul: present 
08/06/2020 11:03:19 AM outshift: present 
08/06/2020 11:03:19 AM Input branch: 0
08/06/2020 11:03:19 AM Output branch: 0
08/06/2020 11:03:19 AM Input: 345
08/06/2020 11:03:19 AM Output: 356
08/06/2020 11:03:19 AM  
08/06/2020 11:03:19 AM New node_iterating: ConvBNRelu
08/06/2020 11:03:19 AM Filter Dimension i_ch,fs1,fs2,o_ch: [256,1,1,512]
08/06/2020 11:03:19 AM Stride: 1
08/06/2020 11:03:19 AM Padding: 0, 0, 0, 0
08/06/2020 11:03:19 AM Groups 1
08/06/2020 11:03:19 AM MACs 8388608
08/06/2020 11:03:19 AM In-Out dimensions: [8,8], [8,8]
08/06/2020 11:03:19 AM Weigths: present 
08/06/2020 11:03:19 AM k: present 
08/06/2020 11:03:19 AM lambd: present 
08/06/2020 11:03:19 AM outmul: present 
08/06/2020 11:03:19 AM outshift: present 
08/06/2020 11:03:19 AM Input branch: 0
08/06/2020 11:03:19 AM Output branch: 0
08/06/2020 11:03:19 AM Input: 356
08/06/2020 11:03:19 AM Output: 367
08/06/2020 11:03:19 AM  
08/06/2020 11:03:19 AM New node_iterating: ConvDWBNRelu
08/06/2020 11:03:19 AM Filter Dimension i_ch,fs1,fs2,o_ch: [1,3,3,512]
08/06/2020 11:03:19 AM Stride: 1
08/06/2020 11:03:19 AM Padding: 1, 1, 1, 1
08/06/2020 11:03:19 AM Groups 512
08/06/2020 11:03:19 AM MACs 294912
08/06/2020 11:03:19 AM In-Out dimensions: [8,8], [8,8]
08/06/2020 11:03:19 AM Weigths: present 
08/06/2020 11:03:19 AM k: present 
08/06/2020 11:03:19 AM lambd: present 
08/06/2020 11:03:19 AM outmul: present 
08/06/2020 11:03:19 AM outshift: present 
08/06/2020 11:03:19 AM Input branch: 0
08/06/2020 11:03:19 AM Output branch: 0
08/06/2020 11:03:19 AM Input: 367
08/06/2020 11:03:19 AM Output: 378
08/06/2020 11:03:19 AM  
08/06/2020 11:03:19 AM New node_iterating: ConvBNRelu
08/06/2020 11:03:19 AM Filter Dimension i_ch,fs1,fs2,o_ch: [512,1,1,512]
08/06/2020 11:03:19 AM Stride: 1
08/06/2020 11:03:19 AM Padding: 0, 0, 0, 0
08/06/2020 11:03:19 AM Groups 1
08/06/2020 11:03:19 AM MACs 16777216
08/06/2020 11:03:19 AM In-Out dimensions: [8,8], [8,8]
08/06/2020 11:03:19 AM Weigths: present 
08/06/2020 11:03:19 AM k: present 
08/06/2020 11:03:19 AM lambd: present 
08/06/2020 11:03:19 AM outmul: present 
08/06/2020 11:03:19 AM outshift: present 
08/06/2020 11:03:19 AM Input branch: 0
08/06/2020 11:03:19 AM Output branch: 0
08/06/2020 11:03:19 AM Input: 378
08/06/2020 11:03:19 AM Output: 389
08/06/2020 11:03:19 AM  
08/06/2020 11:03:19 AM New node_iterating: ConvDWBNRelu
08/06/2020 11:03:19 AM Filter Dimension i_ch,fs1,fs2,o_ch: [1,3,3,512]
08/06/2020 11:03:19 AM Stride: 1
08/06/2020 11:03:19 AM Padding: 1, 1, 1, 1
08/06/2020 11:03:19 AM Groups 512
08/06/2020 11:03:19 AM MACs 294912
08/06/2020 11:03:19 AM In-Out dimensions: [8,8], [8,8]
08/06/2020 11:03:19 AM Weigths: present 
08/06/2020 11:03:19 AM k: present 
08/06/2020 11:03:19 AM lambd: present 
08/06/2020 11:03:19 AM outmul: present 
08/06/2020 11:03:19 AM outshift: present 
08/06/2020 11:03:19 AM Input branch: 0
08/06/2020 11:03:19 AM Output branch: 0
08/06/2020 11:03:19 AM Input: 389
08/06/2020 11:03:19 AM Output: 400
08/06/2020 11:03:19 AM  
08/06/2020 11:03:19 AM New node_iterating: ConvBNRelu
08/06/2020 11:03:19 AM Filter Dimension i_ch,fs1,fs2,o_ch: [512,1,1,512]
08/06/2020 11:03:19 AM Stride: 1
08/06/2020 11:03:19 AM Padding: 0, 0, 0, 0
08/06/2020 11:03:19 AM Groups 1
08/06/2020 11:03:19 AM MACs 16777216
08/06/2020 11:03:19 AM In-Out dimensions: [8,8], [8,8]
08/06/2020 11:03:19 AM Weigths: present 
08/06/2020 11:03:19 AM k: present 
08/06/2020 11:03:19 AM lambd: present 
08/06/2020 11:03:19 AM outmul: present 
08/06/2020 11:03:19 AM outshift: present 
08/06/2020 11:03:19 AM Input branch: 0
08/06/2020 11:03:19 AM Output branch: 0
08/06/2020 11:03:19 AM Input: 400
08/06/2020 11:03:19 AM Output: 411
08/06/2020 11:03:19 AM  
08/06/2020 11:03:19 AM New node_iterating: ConvDWBNRelu
08/06/2020 11:03:19 AM Filter Dimension i_ch,fs1,fs2,o_ch: [1,3,3,512]
08/06/2020 11:03:19 AM Stride: 1
08/06/2020 11:03:19 AM Padding: 1, 1, 1, 1
08/06/2020 11:03:19 AM Groups 512
08/06/2020 11:03:19 AM MACs 294912
08/06/2020 11:03:19 AM In-Out dimensions: [8,8], [8,8]
08/06/2020 11:03:19 AM Weigths: present 
08/06/2020 11:03:19 AM k: present 
08/06/2020 11:03:19 AM lambd: present 
08/06/2020 11:03:19 AM outmul: present 
08/06/2020 11:03:19 AM outshift: present 
08/06/2020 11:03:19 AM Input branch: 0
08/06/2020 11:03:19 AM Output branch: 0
08/06/2020 11:03:19 AM Input: 411
08/06/2020 11:03:19 AM Output: 422
08/06/2020 11:03:19 AM  
08/06/2020 11:03:19 AM New node_iterating: ConvBNRelu
08/06/2020 11:03:19 AM Filter Dimension i_ch,fs1,fs2,o_ch: [512,1,1,512]
08/06/2020 11:03:19 AM Stride: 1
08/06/2020 11:03:19 AM Padding: 0, 0, 0, 0
08/06/2020 11:03:19 AM Groups 1
08/06/2020 11:03:19 AM MACs 16777216
08/06/2020 11:03:19 AM In-Out dimensions: [8,8], [8,8]
08/06/2020 11:03:19 AM Weigths: present 
08/06/2020 11:03:19 AM k: present 
08/06/2020 11:03:19 AM lambd: present 
08/06/2020 11:03:19 AM outmul: present 
08/06/2020 11:03:19 AM outshift: present 
08/06/2020 11:03:19 AM Input branch: 0
08/06/2020 11:03:19 AM Output branch: 0
08/06/2020 11:03:19 AM Input: 422
08/06/2020 11:03:19 AM Output: 433
08/06/2020 11:03:19 AM  
08/06/2020 11:03:19 AM New node_iterating: ConvDWBNRelu
08/06/2020 11:03:19 AM Filter Dimension i_ch,fs1,fs2,o_ch: [1,3,3,512]
08/06/2020 11:03:19 AM Stride: 1
08/06/2020 11:03:19 AM Padding: 1, 1, 1, 1
08/06/2020 11:03:19 AM Groups 512
08/06/2020 11:03:19 AM MACs 294912
08/06/2020 11:03:19 AM In-Out dimensions: [8,8], [8,8]
08/06/2020 11:03:19 AM Weigths: present 
08/06/2020 11:03:19 AM k: present 
08/06/2020 11:03:19 AM lambd: present 
08/06/2020 11:03:19 AM outmul: present 
08/06/2020 11:03:19 AM outshift: present 
08/06/2020 11:03:19 AM Input branch: 0
08/06/2020 11:03:19 AM Output branch: 0
08/06/2020 11:03:19 AM Input: 433
08/06/2020 11:03:19 AM Output: 444
08/06/2020 11:03:19 AM  
08/06/2020 11:03:19 AM New node_iterating: ConvBNRelu
08/06/2020 11:03:19 AM Filter Dimension i_ch,fs1,fs2,o_ch: [512,1,1,512]
08/06/2020 11:03:19 AM Stride: 1
08/06/2020 11:03:19 AM Padding: 0, 0, 0, 0
08/06/2020 11:03:19 AM Groups 1
08/06/2020 11:03:19 AM MACs 16777216
08/06/2020 11:03:19 AM In-Out dimensions: [8,8], [8,8]
08/06/2020 11:03:19 AM Weigths: present 
08/06/2020 11:03:19 AM k: present 
08/06/2020 11:03:19 AM lambd: present 
08/06/2020 11:03:19 AM outmul: present 
08/06/2020 11:03:19 AM outshift: present 
08/06/2020 11:03:19 AM Input branch: 0
08/06/2020 11:03:19 AM Output branch: 0
08/06/2020 11:03:19 AM Input: 444
08/06/2020 11:03:19 AM Output: 455
08/06/2020 11:03:19 AM  
08/06/2020 11:03:19 AM New node_iterating: ConvDWBNRelu
08/06/2020 11:03:19 AM Filter Dimension i_ch,fs1,fs2,o_ch: [1,3,3,512]
08/06/2020 11:03:19 AM Stride: 1
08/06/2020 11:03:19 AM Padding: 1, 1, 1, 1
08/06/2020 11:03:19 AM Groups 512
08/06/2020 11:03:19 AM MACs 294912
08/06/2020 11:03:19 AM In-Out dimensions: [8,8], [8,8]
08/06/2020 11:03:19 AM Weigths: present 
08/06/2020 11:03:19 AM k: present 
08/06/2020 11:03:19 AM lambd: present 
08/06/2020 11:03:19 AM outmul: present 
08/06/2020 11:03:19 AM outshift: present 
08/06/2020 11:03:19 AM Input branch: 0
08/06/2020 11:03:19 AM Output branch: 0
08/06/2020 11:03:19 AM Input: 455
08/06/2020 11:03:19 AM Output: 466
08/06/2020 11:03:19 AM  
08/06/2020 11:03:19 AM New node_iterating: ConvBNRelu
08/06/2020 11:03:19 AM Filter Dimension i_ch,fs1,fs2,o_ch: [512,1,1,512]
08/06/2020 11:03:19 AM Stride: 1
08/06/2020 11:03:19 AM Padding: 0, 0, 0, 0
08/06/2020 11:03:19 AM Groups 1
08/06/2020 11:03:19 AM MACs 16777216
08/06/2020 11:03:19 AM In-Out dimensions: [8,8], [8,8]
08/06/2020 11:03:19 AM Weigths: present 
08/06/2020 11:03:19 AM k: present 
08/06/2020 11:03:19 AM lambd: present 
08/06/2020 11:03:19 AM outmul: present 
08/06/2020 11:03:19 AM outshift: present 
08/06/2020 11:03:19 AM Input branch: 0
08/06/2020 11:03:19 AM Output branch: 0
08/06/2020 11:03:19 AM Input: 466
08/06/2020 11:03:19 AM Output: 477
08/06/2020 11:03:19 AM  
08/06/2020 11:03:19 AM New node_iterating: ConvDWBNRelu
08/06/2020 11:03:19 AM Filter Dimension i_ch,fs1,fs2,o_ch: [1,3,3,512]
08/06/2020 11:03:19 AM Stride: 2
08/06/2020 11:03:19 AM Padding: 1, 1, 1, 1
08/06/2020 11:03:19 AM Groups 512
08/06/2020 11:03:19 AM MACs 73728
08/06/2020 11:03:19 AM In-Out dimensions: [8,8], [4,4]
08/06/2020 11:03:19 AM Weigths: present 
08/06/2020 11:03:19 AM k: present 
08/06/2020 11:03:19 AM lambd: present 
08/06/2020 11:03:19 AM outmul: present 
08/06/2020 11:03:19 AM outshift: present 
08/06/2020 11:03:19 AM Input branch: 0
08/06/2020 11:03:19 AM Output branch: 0
08/06/2020 11:03:19 AM Input: 477
08/06/2020 11:03:19 AM Output: 488
08/06/2020 11:03:19 AM  
08/06/2020 11:03:19 AM New node_iterating: ConvBNRelu
08/06/2020 11:03:19 AM Filter Dimension i_ch,fs1,fs2,o_ch: [512,1,1,1024]
08/06/2020 11:03:19 AM Stride: 1
08/06/2020 11:03:19 AM Padding: 0, 0, 0, 0
08/06/2020 11:03:19 AM Groups 1
08/06/2020 11:03:19 AM MACs 8388608
08/06/2020 11:03:19 AM In-Out dimensions: [4,4], [4,4]
08/06/2020 11:03:19 AM Weigths: present 
08/06/2020 11:03:19 AM k: present 
08/06/2020 11:03:19 AM lambd: present 
08/06/2020 11:03:19 AM outmul: present 
08/06/2020 11:03:19 AM outshift: present 
08/06/2020 11:03:19 AM Input branch: 0
08/06/2020 11:03:19 AM Output branch: 0
08/06/2020 11:03:19 AM Input: 488
08/06/2020 11:03:19 AM Output: 499
08/06/2020 11:03:19 AM  
08/06/2020 11:03:19 AM New node_iterating: ConvDWBNRelu
08/06/2020 11:03:19 AM Filter Dimension i_ch,fs1,fs2,o_ch: [1,3,3,1024]
08/06/2020 11:03:19 AM Stride: 1
08/06/2020 11:03:19 AM Padding: 1, 1, 1, 1
08/06/2020 11:03:19 AM Groups 1024
08/06/2020 11:03:19 AM MACs 147456
08/06/2020 11:03:19 AM In-Out dimensions: [4,4], [4,4]
08/06/2020 11:03:19 AM Weigths: present 
08/06/2020 11:03:19 AM k: present 
08/06/2020 11:03:19 AM lambd: present 
08/06/2020 11:03:19 AM outmul: present 
08/06/2020 11:03:19 AM outshift: present 
08/06/2020 11:03:19 AM Input branch: 0
08/06/2020 11:03:19 AM Output branch: 0
08/06/2020 11:03:19 AM Input: 499
08/06/2020 11:03:19 AM Output: 510
08/06/2020 11:03:19 AM  
08/06/2020 11:03:19 AM New node_iterating: ConvBNRelu
08/06/2020 11:03:19 AM Filter Dimension i_ch,fs1,fs2,o_ch: [1024,1,1,1024]
08/06/2020 11:03:19 AM Stride: 1
08/06/2020 11:03:19 AM Padding: 0, 0, 0, 0
08/06/2020 11:03:19 AM Groups 1
08/06/2020 11:03:19 AM MACs 16777216
08/06/2020 11:03:19 AM In-Out dimensions: [4,4], [4,4]
08/06/2020 11:03:19 AM Weigths: present 
08/06/2020 11:03:19 AM k: present 
08/06/2020 11:03:19 AM lambd: present 
08/06/2020 11:03:19 AM outmul: present 
08/06/2020 11:03:19 AM outshift: present 
08/06/2020 11:03:19 AM Input branch: 0
08/06/2020 11:03:19 AM Output branch: 0
08/06/2020 11:03:19 AM Input: 510
08/06/2020 11:03:19 AM Output: 521
08/06/2020 11:03:19 AM  
08/06/2020 11:03:19 AM New node_iterating: AveragePoolRelu
08/06/2020 11:03:19 AM Stride: 4
08/06/2020 11:03:19 AM Padding: 0, 0, 0, 0
08/06/2020 11:03:19 AM Groups 1
08/06/2020 11:03:19 AM MACs 16777216
08/06/2020 11:03:19 AM In-Out dimensions: [4,4], [1,1]
08/06/2020 11:03:19 AM Weights: empty
08/06/2020 11:03:19 AM k: empty
08/06/2020 11:03:19 AM lambd: empty
08/06/2020 11:03:19 AM outmul: present 
08/06/2020 11:03:19 AM outshift: present 
08/06/2020 11:03:19 AM Input branch: 0
08/06/2020 11:03:19 AM Output branch: 0
08/06/2020 11:03:19 AM Input: 521
08/06/2020 11:03:19 AM Output: 538
08/06/2020 11:03:19 AM  
08/06/2020 11:03:19 AM New node_iterating: Gemm
08/06/2020 11:03:19 AM Filter Dimension i_ch,fs1,fs2,o_ch: [1024,1,1,1000]
08/06/2020 11:03:19 AM Stride: 1
08/06/2020 11:03:19 AM Padding: 0, 0, 0, 0
08/06/2020 11:03:19 AM Groups 1
08/06/2020 11:03:19 AM MACs 1024000
08/06/2020 11:03:19 AM In-Out dimensions: [1,1], [1,1]
08/06/2020 11:03:19 AM Weigths: present 
08/06/2020 11:03:19 AM k: empty
08/06/2020 11:03:19 AM lambd: empty
08/06/2020 11:03:19 AM outmul: empty
08/06/2020 11:03:19 AM outshift: empty
08/06/2020 11:03:19 AM Input branch: 0
08/06/2020 11:03:19 AM Output branch: 0
08/06/2020 11:03:19 AM Input: 538
08/06/2020 11:03:19 AM Output: 539
08/06/2020 11:03:19 AM  
