2020-08-06 11:03:26,589 -   Conv2d Pointwise tiling:
2020-08-06 11:03:26,589 -   No L3 tiling
2020-08-06 11:03:27,140 -     L2 size:      x: [3x128x128]    y: [32x64x64]     W: [32x3x3x3]     
2020-08-06 11:03:27,140 -     L2 buff:      x: 48.00 KiB      y: 128.00 KiB     W: 0.84 KiB       
2020-08-06 11:03:27,140 -     tiles L2-L1:  x: [3x113x13]     y: [32x56x6]      W: [32x3x3x3]     
2020-08-06 11:03:27,140 -     L1 buff:      x: 4.30 KiB       y: 10.50 KiB      W: 0.84 KiB       
2020-08-06 11:03:27,140 -     no. tiles:    x: 22             y: 22             W: 1              
2020-08-06 11:03:27,194 -     Total L1 occupation:31438.0        
2020-08-06 11:03:27,265 -   Conv2d Depthwise tiling:
2020-08-06 11:03:27,265 -   No L3 tiling
2020-08-06 11:03:27,282 -     groups:       32
2020-08-06 11:03:27,282 -     L2 size:      x: [32x64x64]     y: [32x64x64]     W: [32x1x3x3]     
2020-08-06 11:03:27,282 -     L2 buff:      x: 128.00 KiB     y: 128.00 KiB     W: 0.28 KiB       
2020-08-06 11:03:27,283 -     tiles L2-L1:  x: [8x17x64]      y: [8x15x64]      W: [8x1x3x3]      
2020-08-06 11:03:27,283 -     L1 buff:      x: 8.50 KiB       y: 7.50 KiB       W: 72 B           
2020-08-06 11:03:27,283 -     no. tiles:    x: 5              y: 20             W: 4              
2020-08-06 11:03:27,283 -     Total L1 occupation:33168.0        
2020-08-06 11:03:27,328 -   Conv2d Pointwise tiling:
2020-08-06 11:03:27,328 -   No L3 tiling
2020-08-06 11:03:28,001 -     L2 size:      x: [32x64x64]     y: [64x64x64]     W: [64x32x1x1]    
2020-08-06 11:03:28,001 -     L2 buff:      x: 128.00 KiB     y: 256.00 KiB     W: 2.00 KiB       
2020-08-06 11:03:28,001 -     tiles L2-L1:  x: [32x24x6]      y: [64x24x6]      W: [64x32x1x1]    
2020-08-06 11:03:28,001 -     L1 buff:      x: 4.50 KiB       y: 9.00 KiB       W: 2.00 KiB       
2020-08-06 11:03:28,002 -     no. tiles:    x: 33             y: 33             W: 1              
2020-08-06 11:03:28,002 -     Total L1 occupation:30208.0        
2020-08-06 11:03:28,065 -   Conv2d Depthwise tiling:
2020-08-06 11:03:28,065 -   No L3 tiling
2020-08-06 11:03:28,075 -     groups:       64
2020-08-06 11:03:28,075 -     L2 size:      x: [64x64x64]     y: [64x32x32]     W: [64x1x3x3]     
2020-08-06 11:03:28,075 -     L2 buff:      x: 256.00 KiB     y: 64.00 KiB      W: 0.56 KiB       
2020-08-06 11:03:28,075 -     tiles L2-L1:  x: [8x25x64]      y: [8x12x32]      W: [8x1x3x3]      
2020-08-06 11:03:28,075 -     L1 buff:      x: 12.50 KiB      y: 3.00 KiB       W: 72 B           
2020-08-06 11:03:28,075 -     no. tiles:    x: 3              y: 24             W: 8              
2020-08-06 11:03:28,075 -     Total L1 occupation:32400.0        
2020-08-06 11:03:28,125 -   Conv2d Pointwise tiling:
2020-08-06 11:03:28,125 -   No L3 tiling
2020-08-06 11:03:28,567 -     L2 size:      x: [64x32x32]     y: [128x32x32]    W: [128x64x1x1]   
2020-08-06 11:03:28,568 -     L2 buff:      x: 64.00 KiB      y: 128.00 KiB     W: 8.00 KiB       
2020-08-06 11:03:28,568 -     tiles L2-L1:  x: [64x16x2]      y: [128x16x2]     W: [128x64x1x1]   
2020-08-06 11:03:28,568 -     L1 buff:      x: 2.00 KiB       y: 4.00 KiB       W: 8.00 KiB       
2020-08-06 11:03:28,568 -     no. tiles:    x: 32             y: 32             W: 1              
2020-08-06 11:03:28,568 -     Total L1 occupation:21504.0        
2020-08-06 11:03:28,676 -   Conv2d Depthwise tiling:
2020-08-06 11:03:28,676 -   No L3 tiling
2020-08-06 11:03:28,680 -     groups:       128
2020-08-06 11:03:28,680 -     L2 size:      x: [128x32x32]    y: [128x32x32]    W: [128x1x3x3]    
2020-08-06 11:03:28,680 -     L2 buff:      x: 128.00 KiB     y: 128.00 KiB     W: 1.12 KiB       
2020-08-06 11:03:28,680 -     tiles L2-L1:  x: [8x32x32]      y: [8x32x32]      W: [8x1x3x3]      
2020-08-06 11:03:28,680 -     L1 buff:      x: 8.00 KiB       y: 8.00 KiB       W: 72 B           
2020-08-06 11:03:28,680 -     no. tiles:    x: 1              y: 16             W: 16             
2020-08-06 11:03:28,680 -     Total L1 occupation:25744.0        
2020-08-06 11:03:28,728 -   Conv2d Pointwise tiling:
2020-08-06 11:03:28,728 -   No L3 tiling
2020-08-06 11:03:28,910 -     L2 size:      x: [128x32x32]    y: [128x32x32]    W: [128x128x1x1]  
2020-08-06 11:03:28,911 -     L2 buff:      x: 128.00 KiB     y: 128.00 KiB     W: 16.00 KiB      
2020-08-06 11:03:28,911 -     tiles L2-L1:  x: [128x16x2]     y: [72x16x2]      W: [72x128x1x1]   
2020-08-06 11:03:28,911 -     L1 buff:      x: 4.00 KiB       y: 2.25 KiB       W: 9.00 KiB       
2020-08-06 11:03:28,911 -     no. tiles:    x: 32             y: 64             W: 2              
2020-08-06 11:03:28,911 -     Total L1 occupation:32256.0        
2020-08-06 11:03:28,970 -   Conv2d Depthwise tiling:
2020-08-06 11:03:28,970 -   No L3 tiling
2020-08-06 11:03:28,973 -     groups:       128
2020-08-06 11:03:28,973 -     L2 size:      x: [128x32x32]    y: [128x16x16]    W: [128x1x3x3]    
2020-08-06 11:03:28,973 -     L2 buff:      x: 128.00 KiB     y: 32.00 KiB      W: 1.12 KiB       
2020-08-06 11:03:28,973 -     tiles L2-L1:  x: [12x32x32]     y: [12x16x16]     W: [12x1x3x3]     
2020-08-06 11:03:28,973 -     L1 buff:      x: 12.00 KiB      y: 3.00 KiB       W: 108 B          
2020-08-06 11:03:28,973 -     no. tiles:    x: 1              y: 11             W: 11             
2020-08-06 11:03:28,973 -     Total L1 occupation:19672.0        
2020-08-06 11:03:29,021 -   Conv2d Pointwise tiling:
2020-08-06 11:03:29,022 -   No L3 tiling
2020-08-06 11:03:29,117 -     L2 size:      x: [128x16x16]    y: [256x16x16]    W: [256x128x1x1]  
2020-08-06 11:03:29,117 -     L2 buff:      x: 32.00 KiB      y: 64.00 KiB      W: 32.00 KiB      
2020-08-06 11:03:29,118 -     tiles L2-L1:  x: [128x8x2]      y: [88x8x2]       W: [88x128x1x1]   
2020-08-06 11:03:29,118 -     L1 buff:      x: 2.00 KiB       y: 1.38 KiB       W: 11.00 KiB      
2020-08-06 11:03:29,118 -     no. tiles:    x: 16             y: 48             W: 3              
2020-08-06 11:03:29,118 -     Total L1 occupation:31488.0        
2020-08-06 11:03:29,169 -   Conv2d Depthwise tiling:
2020-08-06 11:03:29,169 -   No L3 tiling
2020-08-06 11:03:29,173 -     groups:       256
2020-08-06 11:03:29,174 -     L2 size:      x: [256x16x16]    y: [256x16x16]    W: [256x1x3x3]    
2020-08-06 11:03:29,174 -     L2 buff:      x: 64.00 KiB      y: 64.00 KiB      W: 2.25 KiB       
2020-08-06 11:03:29,174 -     tiles L2-L1:  x: [31x16x16]     y: [31x16x16]     W: [31x1x3x3]     
2020-08-06 11:03:29,174 -     L1 buff:      x: 7.75 KiB       y: 7.75 KiB       W: 0.27 KiB       
2020-08-06 11:03:29,174 -     no. tiles:    x: 1              y: 9              W: 9              
2020-08-06 11:03:29,174 -     Total L1 occupation:26414.0        
2020-08-06 11:03:29,234 -   Conv2d Pointwise tiling:
2020-08-06 11:03:29,234 -   No L3 tiling
2020-08-06 11:03:29,265 -     L2 size:      x: [256x16x16]    y: [256x16x16]    W: [256x256x1x1]  
2020-08-06 11:03:29,265 -     L2 buff:      x: 64.00 KiB      y: 64.00 KiB      W: 64.00 KiB      
2020-08-06 11:03:29,265 -     tiles L2-L1:  x: [256x8x2]      y: [36x8x2]       W: [36x256x1x1]   
2020-08-06 11:03:29,265 -     L1 buff:      x: 4.00 KiB       y: 0.56 KiB       W: 9.00 KiB       
2020-08-06 11:03:29,265 -     no. tiles:    x: 16             y: 128            W: 8              
2020-08-06 11:03:29,265 -     Total L1 occupation:29824.0        
2020-08-06 11:03:29,365 -   Conv2d Depthwise tiling:
2020-08-06 11:03:29,365 -   No L3 tiling
2020-08-06 11:03:29,369 -     groups:       256
2020-08-06 11:03:29,369 -     L2 size:      x: [256x16x16]    y: [256x8x8]      W: [256x1x3x3]    
2020-08-06 11:03:29,369 -     L2 buff:      x: 64.00 KiB      y: 16.00 KiB      W: 2.25 KiB       
2020-08-06 11:03:29,369 -     tiles L2-L1:  x: [48x16x16]     y: [48x8x8]       W: [48x1x3x3]     
2020-08-06 11:03:29,369 -     L1 buff:      x: 12.00 KiB      y: 3.00 KiB       W: 0.42 KiB       
2020-08-06 11:03:29,369 -     no. tiles:    x: 1              y: 6              W: 6              
2020-08-06 11:03:29,370 -     Total L1 occupation:21344.0        
2020-08-06 11:03:29,428 -   Conv2d Pointwise tiling:
2020-08-06 11:03:29,428 -   No L3 tiling
2020-08-06 11:03:29,441 -     L2 size:      x: [256x8x8]      y: [512x8x8]      W: [512x256x1x1]  
2020-08-06 11:03:29,442 -     L2 buff:      x: 16.00 KiB      y: 32.00 KiB      W: 128.00 KiB     
2020-08-06 11:03:29,442 -     tiles L2-L1:  x: [256x8x2]      y: [32x8x2]       W: [32x256x1x1]   
2020-08-06 11:03:29,442 -     L1 buff:      x: 4.00 KiB       y: 0.50 KiB       W: 8.00 KiB       
2020-08-06 11:03:29,442 -     no. tiles:    x: 4              y: 64             W: 16             
2020-08-06 11:03:29,442 -     Total L1 occupation:29696.0        
2020-08-06 11:03:29,549 -   Conv2d Depthwise tiling:
2020-08-06 11:03:29,549 -   No L3 tiling
2020-08-06 11:03:29,554 -     groups:       512
2020-08-06 11:03:29,554 -     L2 size:      x: [512x8x8]      y: [512x8x8]      W: [512x1x3x3]    
2020-08-06 11:03:29,554 -     L2 buff:      x: 32.00 KiB      y: 32.00 KiB      W: 4.50 KiB       
2020-08-06 11:03:29,554 -     tiles L2-L1:  x: [112x8x8]      y: [112x8x8]      W: [112x1x3x3]    
2020-08-06 11:03:29,554 -     L1 buff:      x: 7.00 KiB       y: 7.00 KiB       W: 0.98 KiB       
2020-08-06 11:03:29,554 -     no. tiles:    x: 1              y: 5              W: 5              
2020-08-06 11:03:29,554 -     Total L1 occupation:27616.0        
2020-08-06 11:03:29,605 -   Conv2d Pointwise tiling:
2020-08-06 11:03:29,605 -   Precisions. x = 8 bit, y = 8 bit, W = 8 bit
2020-08-06 11:03:29,605 -     L3 size:      x: [512x8x8]      y: [512x8x8]      W: [512x512x1x1]  
2020-08-06 11:03:29,605 -     L3 buff:      x: 32.00 KiB      y: 32.00 KiB      W: 256.00 KiB     
2020-08-06 11:03:29,605 -     tiles L3-L2:  x: [512x8x8]      y: [512x8x8]      W: [128x512x1x1]  
2020-08-06 11:03:29,605 -     L2 buff:      x: 32.00 KiB      y: 32.00 KiB      W: 64.00 KiB      
2020-08-06 11:03:29,605 -     no. tiles:    x: 1              y: 1              W: 4              
2020-08-06 11:03:29,605 -     Total L2 occupation:198656.0       
2020-08-06 11:03:29,605 -     Tiling Weights
2020-08-06 11:03:29,612 -     L2 size:      x: [512x8x8]      y: [128x8x8]      W: [128x512x1x1]  
2020-08-06 11:03:29,612 -     L2 buff:      x: 32.00 KiB      y: 8.00 KiB       W: 64.00 KiB      
2020-08-06 11:03:29,612 -     tiles L2-L1:  x: [512x8x2]      y: [8x8x2]        W: [8x512x1x1]    
2020-08-06 11:03:29,612 -     L1 buff:      x: 8.00 KiB       y: 128 B          W: 4.00 KiB       
2020-08-06 11:03:29,612 -     no. tiles:    x: 4              y: 64             W: 16             
2020-08-06 11:03:29,612 -     Total L1 occupation:25856.0        
2020-08-06 11:03:29,692 -   Conv2d Depthwise tiling:
2020-08-06 11:03:29,692 -   No L3 tiling
2020-08-06 11:03:29,697 -     groups:       512
2020-08-06 11:03:29,697 -     L2 size:      x: [512x8x8]      y: [512x8x8]      W: [512x1x3x3]    
2020-08-06 11:03:29,697 -     L2 buff:      x: 32.00 KiB      y: 32.00 KiB      W: 4.50 KiB       
2020-08-06 11:03:29,697 -     tiles L2-L1:  x: [112x8x8]      y: [112x8x8]      W: [112x1x3x3]    
2020-08-06 11:03:29,697 -     L1 buff:      x: 7.00 KiB       y: 7.00 KiB       W: 0.98 KiB       
2020-08-06 11:03:29,697 -     no. tiles:    x: 1              y: 5              W: 5              
2020-08-06 11:03:29,697 -     Total L1 occupation:27616.0        
2020-08-06 11:03:29,739 -   Conv2d Pointwise tiling:
2020-08-06 11:03:29,739 -   Precisions. x = 8 bit, y = 8 bit, W = 8 bit
2020-08-06 11:03:29,739 -     L3 size:      x: [512x8x8]      y: [512x8x8]      W: [512x512x1x1]  
2020-08-06 11:03:29,739 -     L3 buff:      x: 32.00 KiB      y: 32.00 KiB      W: 256.00 KiB     
2020-08-06 11:03:29,739 -     tiles L3-L2:  x: [512x8x8]      y: [512x8x8]      W: [128x512x1x1]  
2020-08-06 11:03:29,739 -     L2 buff:      x: 32.00 KiB      y: 32.00 KiB      W: 64.00 KiB      
2020-08-06 11:03:29,739 -     no. tiles:    x: 1              y: 1              W: 4              
2020-08-06 11:03:29,739 -     Total L2 occupation:198656.0       
2020-08-06 11:03:29,739 -     Tiling Weights
2020-08-06 11:03:29,745 -     L2 size:      x: [512x8x8]      y: [128x8x8]      W: [128x512x1x1]  
2020-08-06 11:03:29,745 -     L2 buff:      x: 32.00 KiB      y: 8.00 KiB       W: 64.00 KiB      
2020-08-06 11:03:29,745 -     tiles L2-L1:  x: [512x8x2]      y: [8x8x2]        W: [8x512x1x1]    
2020-08-06 11:03:29,745 -     L1 buff:      x: 8.00 KiB       y: 128 B          W: 4.00 KiB       
2020-08-06 11:03:29,745 -     no. tiles:    x: 4              y: 64             W: 16             
2020-08-06 11:03:29,745 -     Total L1 occupation:25856.0        
2020-08-06 11:03:29,808 -   Conv2d Depthwise tiling:
2020-08-06 11:03:29,808 -   No L3 tiling
2020-08-06 11:03:29,813 -     groups:       512
2020-08-06 11:03:29,813 -     L2 size:      x: [512x8x8]      y: [512x8x8]      W: [512x1x3x3]    
2020-08-06 11:03:29,813 -     L2 buff:      x: 32.00 KiB      y: 32.00 KiB      W: 4.50 KiB       
2020-08-06 11:03:29,813 -     tiles L2-L1:  x: [112x8x8]      y: [112x8x8]      W: [112x1x3x3]    
2020-08-06 11:03:29,814 -     L1 buff:      x: 7.00 KiB       y: 7.00 KiB       W: 0.98 KiB       
2020-08-06 11:03:29,814 -     no. tiles:    x: 1              y: 5              W: 5              
2020-08-06 11:03:29,814 -     Total L1 occupation:27616.0        
2020-08-06 11:03:29,853 -   Conv2d Pointwise tiling:
2020-08-06 11:03:29,853 -   Precisions. x = 8 bit, y = 8 bit, W = 8 bit
2020-08-06 11:03:29,853 -     L3 size:      x: [512x8x8]      y: [512x8x8]      W: [512x512x1x1]  
2020-08-06 11:03:29,853 -     L3 buff:      x: 32.00 KiB      y: 32.00 KiB      W: 256.00 KiB     
2020-08-06 11:03:29,853 -     tiles L3-L2:  x: [512x8x8]      y: [512x8x8]      W: [128x512x1x1]  
2020-08-06 11:03:29,853 -     L2 buff:      x: 32.00 KiB      y: 32.00 KiB      W: 64.00 KiB      
2020-08-06 11:03:29,853 -     no. tiles:    x: 1              y: 1              W: 4              
2020-08-06 11:03:29,853 -     Total L2 occupation:198656.0       
2020-08-06 11:03:29,853 -     Tiling Weights
2020-08-06 11:03:29,859 -     L2 size:      x: [512x8x8]      y: [128x8x8]      W: [128x512x1x1]  
2020-08-06 11:03:29,859 -     L2 buff:      x: 32.00 KiB      y: 8.00 KiB       W: 64.00 KiB      
2020-08-06 11:03:29,859 -     tiles L2-L1:  x: [512x8x2]      y: [8x8x2]        W: [8x512x1x1]    
2020-08-06 11:03:29,860 -     L1 buff:      x: 8.00 KiB       y: 128 B          W: 4.00 KiB       
2020-08-06 11:03:29,860 -     no. tiles:    x: 4              y: 64             W: 16             
2020-08-06 11:03:29,860 -     Total L1 occupation:25856.0        
2020-08-06 11:03:29,923 -   Conv2d Depthwise tiling:
2020-08-06 11:03:29,923 -   No L3 tiling
2020-08-06 11:03:29,928 -     groups:       512
2020-08-06 11:03:29,929 -     L2 size:      x: [512x8x8]      y: [512x8x8]      W: [512x1x3x3]    
2020-08-06 11:03:29,929 -     L2 buff:      x: 32.00 KiB      y: 32.00 KiB      W: 4.50 KiB       
2020-08-06 11:03:29,929 -     tiles L2-L1:  x: [112x8x8]      y: [112x8x8]      W: [112x1x3x3]    
2020-08-06 11:03:29,929 -     L1 buff:      x: 7.00 KiB       y: 7.00 KiB       W: 0.98 KiB       
2020-08-06 11:03:29,929 -     no. tiles:    x: 1              y: 5              W: 5              
2020-08-06 11:03:29,929 -     Total L1 occupation:27616.0        
2020-08-06 11:03:29,970 -   Conv2d Pointwise tiling:
2020-08-06 11:03:29,970 -   Precisions. x = 8 bit, y = 8 bit, W = 8 bit
2020-08-06 11:03:29,970 -     L3 size:      x: [512x8x8]      y: [512x8x8]      W: [512x512x1x1]  
2020-08-06 11:03:29,970 -     L3 buff:      x: 32.00 KiB      y: 32.00 KiB      W: 256.00 KiB     
2020-08-06 11:03:29,970 -     tiles L3-L2:  x: [512x8x8]      y: [512x8x8]      W: [128x512x1x1]  
2020-08-06 11:03:29,970 -     L2 buff:      x: 32.00 KiB      y: 32.00 KiB      W: 64.00 KiB      
2020-08-06 11:03:29,970 -     no. tiles:    x: 1              y: 1              W: 4              
2020-08-06 11:03:29,970 -     Total L2 occupation:198656.0       
2020-08-06 11:03:29,970 -     Tiling Weights
2020-08-06 11:03:29,977 -     L2 size:      x: [512x8x8]      y: [128x8x8]      W: [128x512x1x1]  
2020-08-06 11:03:29,977 -     L2 buff:      x: 32.00 KiB      y: 8.00 KiB       W: 64.00 KiB      
2020-08-06 11:03:29,978 -     tiles L2-L1:  x: [512x8x2]      y: [8x8x2]        W: [8x512x1x1]    
2020-08-06 11:03:29,978 -     L1 buff:      x: 8.00 KiB       y: 128 B          W: 4.00 KiB       
2020-08-06 11:03:29,978 -     no. tiles:    x: 4              y: 64             W: 16             
2020-08-06 11:03:29,978 -     Total L1 occupation:25856.0        
2020-08-06 11:03:30,038 -   Conv2d Depthwise tiling:
2020-08-06 11:03:30,038 -   No L3 tiling
2020-08-06 11:03:30,044 -     groups:       512
2020-08-06 11:03:30,044 -     L2 size:      x: [512x8x8]      y: [512x8x8]      W: [512x1x3x3]    
2020-08-06 11:03:30,044 -     L2 buff:      x: 32.00 KiB      y: 32.00 KiB      W: 4.50 KiB       
2020-08-06 11:03:30,044 -     tiles L2-L1:  x: [112x8x8]      y: [112x8x8]      W: [112x1x3x3]    
2020-08-06 11:03:30,044 -     L1 buff:      x: 7.00 KiB       y: 7.00 KiB       W: 0.98 KiB       
2020-08-06 11:03:30,044 -     no. tiles:    x: 1              y: 5              W: 5              
2020-08-06 11:03:30,044 -     Total L1 occupation:27616.0        
2020-08-06 11:03:30,085 -   Conv2d Pointwise tiling:
2020-08-06 11:03:30,085 -   Precisions. x = 8 bit, y = 8 bit, W = 8 bit
2020-08-06 11:03:30,085 -     L3 size:      x: [512x8x8]      y: [512x8x8]      W: [512x512x1x1]  
2020-08-06 11:03:30,085 -     L3 buff:      x: 32.00 KiB      y: 32.00 KiB      W: 256.00 KiB     
2020-08-06 11:03:30,085 -     tiles L3-L2:  x: [512x8x8]      y: [512x8x8]      W: [128x512x1x1]  
2020-08-06 11:03:30,085 -     L2 buff:      x: 32.00 KiB      y: 32.00 KiB      W: 64.00 KiB      
2020-08-06 11:03:30,085 -     no. tiles:    x: 1              y: 1              W: 4              
2020-08-06 11:03:30,085 -     Total L2 occupation:198656.0       
2020-08-06 11:03:30,085 -     Tiling Weights
2020-08-06 11:03:30,092 -     L2 size:      x: [512x8x8]      y: [128x8x8]      W: [128x512x1x1]  
2020-08-06 11:03:30,092 -     L2 buff:      x: 32.00 KiB      y: 8.00 KiB       W: 64.00 KiB      
2020-08-06 11:03:30,092 -     tiles L2-L1:  x: [512x8x2]      y: [8x8x2]        W: [8x512x1x1]    
2020-08-06 11:03:30,092 -     L1 buff:      x: 8.00 KiB       y: 128 B          W: 4.00 KiB       
2020-08-06 11:03:30,092 -     no. tiles:    x: 4              y: 64             W: 16             
2020-08-06 11:03:30,092 -     Total L1 occupation:25856.0        
2020-08-06 11:03:30,163 -   Conv2d Depthwise tiling:
2020-08-06 11:03:30,163 -   No L3 tiling
2020-08-06 11:03:30,170 -     groups:       512
2020-08-06 11:03:30,170 -     L2 size:      x: [512x8x8]      y: [512x4x4]      W: [512x1x3x3]    
2020-08-06 11:03:30,170 -     L2 buff:      x: 32.00 KiB      y: 8.00 KiB       W: 4.50 KiB       
2020-08-06 11:03:30,170 -     tiles L2-L1:  x: [168x8x8]      y: [168x4x4]      W: [168x1x3x3]    
2020-08-06 11:03:30,170 -     L1 buff:      x: 10.50 KiB      y: 2.62 KiB       W: 1.48 KiB       
2020-08-06 11:03:30,170 -     no. tiles:    x: 1              y: 4              W: 4              
2020-08-06 11:03:30,170 -     Total L1 occupation:23248.0        
2020-08-06 11:03:30,272 -   Conv2d Pointwise tiling:
2020-08-06 11:03:30,272 -   Precisions. x = 8 bit, y = 8 bit, W = 8 bit
2020-08-06 11:03:30,273 -     L3 size:      x: [512x4x4]      y: [1024x4x4]     W: [1024x512x1x1] 
2020-08-06 11:03:30,273 -     L3 buff:      x: 8.00 KiB       y: 16.00 KiB      W: 512.00 KiB     
2020-08-06 11:03:30,273 -     tiles L3-L2:  x: [512x4x4]      y: [1024x4x4]     W: [128x512x1x1]  
2020-08-06 11:03:30,273 -     L2 buff:      x: 8.00 KiB       y: 16.00 KiB      W: 64.00 KiB      
2020-08-06 11:03:30,273 -     no. tiles:    x: 1              y: 1              W: 8              
2020-08-06 11:03:30,273 -     Total L2 occupation:157696.0       
2020-08-06 11:03:30,273 -     Tiling Weights
2020-08-06 11:03:30,279 -     L2 size:      x: [512x4x4]      y: [128x4x4]      W: [128x512x1x1]  
2020-08-06 11:03:30,279 -     L2 buff:      x: 8.00 KiB       y: 2.00 KiB       W: 64.00 KiB      
2020-08-06 11:03:30,279 -     tiles L2-L1:  x: [512x4x4]      y: [8x4x4]        W: [8x512x1x1]    
2020-08-06 11:03:30,279 -     L1 buff:      x: 8.00 KiB       y: 128 B          W: 4.00 KiB       
2020-08-06 11:03:30,279 -     no. tiles:    x: 1              y: 16             W: 16             
2020-08-06 11:03:30,279 -     Total L1 occupation:17664.0        
2020-08-06 11:03:30,374 -   Conv2d Depthwise tiling:
2020-08-06 11:03:30,374 -   No L3 tiling
2020-08-06 11:03:30,385 -     groups:       1024
2020-08-06 11:03:30,385 -     L2 size:      x: [1024x4x4]     y: [1024x4x4]     W: [1024x1x3x3]   
2020-08-06 11:03:30,385 -     L2 buff:      x: 16.00 KiB      y: 16.00 KiB      W: 9.00 KiB       
2020-08-06 11:03:30,385 -     tiles L2-L1:  x: [320x4x4]      y: [320x4x4]      W: [320x1x3x3]    
2020-08-06 11:03:30,386 -     L1 buff:      x: 5.00 KiB       y: 5.00 KiB       W: 2.81 KiB       
2020-08-06 11:03:30,386 -     no. tiles:    x: 1              y: 4              W: 4              
2020-08-06 11:03:30,386 -     Total L1 occupation:29312.0        
2020-08-06 11:03:30,436 -   Conv2d Pointwise tiling:
2020-08-06 11:03:30,436 -   Precisions. x = 8 bit, y = 8 bit, W = 8 bit
2020-08-06 11:03:30,436 -     L3 size:      x: [1024x4x4]     y: [1024x4x4]     W: [1024x1024x1x1]
2020-08-06 11:03:30,436 -     L3 buff:      x: 16.00 KiB      y: 16.00 KiB      W: 1024.00 KiB    
2020-08-06 11:03:30,436 -     tiles L3-L2:  x: [1024x4x4]     y: [1024x4x4]     W: [64x1024x1x1]  
2020-08-06 11:03:30,436 -     L2 buff:      x: 16.00 KiB      y: 16.00 KiB      W: 64.00 KiB      
2020-08-06 11:03:30,436 -     no. tiles:    x: 1              y: 1              W: 16             
2020-08-06 11:03:30,436 -     Total L2 occupation:164864.0       
2020-08-06 11:03:30,436 -     Tiling Weights
2020-08-06 11:03:30,440 -     L2 size:      x: [1024x4x4]     y: [64x4x4]       W: [64x1024x1x1]  
2020-08-06 11:03:30,441 -     L2 buff:      x: 16.00 KiB      y: 1.00 KiB       W: 64.00 KiB      
2020-08-06 11:03:30,441 -     tiles L2-L1:  x: [1024x4x1]     y: [4x4x1]        W: [4x1024x1x1]   
2020-08-06 11:03:30,441 -     L1 buff:      x: 4.00 KiB       y: 16 B           W: 4.00 KiB       
2020-08-06 11:03:30,441 -     no. tiles:    x: 4              y: 64             W: 16             
2020-08-06 11:03:30,441 -     Total L1 occupation:16928.0        
2020-08-06 11:03:30,519 -   Pool2d tiling:
2020-08-06 11:03:30,519 -     L2/L3 size:   x: [1024x4x4]     y: [1024x1x1]     
2020-08-06 11:03:30,519 -     L2/L3 buf:    x: 16.00 KiB      y: 1.00 KiB       
2020-08-06 11:03:30,519 -     tiles:        x: [1024x4x4]     y: [1024x1x1]     
2020-08-06 11:03:30,519 -     buffers:      x: 16.00 KiB      y: 1.00 KiB       
2020-08-06 11:03:30,519 -     no. tiles:    x: 1              y: 1              
2020-08-06 11:03:30,545 -   Conv2d Pointwise tiling:
2020-08-06 11:03:30,546 -   Precisions. x = 8 bit, y = 32 bit, W = 8 bit
2020-08-06 11:03:30,546 -     L3 size:      x: [1024x1x1]     y: [1000x1x1]     W: [1000x1024x1x1]
2020-08-06 11:03:30,546 -     L3 buff:      x: 1.00 KiB       y: 3.91 KiB       W: 1000.00 KiB    
2020-08-06 11:03:30,546 -     tiles L3-L2:  x: [1024x1x1]     y: [1000x1x1]     W: [40x1024x1x1]  
2020-08-06 11:03:30,546 -     L2 buff:      x: 1.00 KiB       y: 3.91 KiB       W: 40.00 KiB      
2020-08-06 11:03:30,546 -     no. tiles:    x: 1              y: 1              W: 25             
2020-08-06 11:03:30,546 -     Total L2 occupation:87584.0        
2020-08-06 11:03:30,546 -     Tiling Weights
2020-08-06 11:03:30,548 -     L2 size:      x: [1024x1x1]     y: [40x1x1]       W: [40x1024x1x1]  
2020-08-06 11:03:30,549 -     L2 buff:      x: 1.00 KiB       y: 0.16 KiB       W: 40.00 KiB      
2020-08-06 11:03:30,549 -     tiles L2-L1:  x: [1024x1x1]     y: [8x1x1]        W: [8x1024x1x1]   
2020-08-06 11:03:30,549 -     L1 buff:      x: 1.00 KiB       y: 32 B           W: 8.00 KiB       
2020-08-06 11:03:30,549 -     no. tiles:    x: 1              y: 5              W: 5              
2020-08-06 11:03:30,549 -     Total L1 occupation:17792.0        
2020-08-06 11:03:30,624 -   
2020-08-06 11:03:30,624 -   Layers with L3 input activation: 0
2020-08-06 11:03:30,624 -   Layers with L3 output activation: 0
2020-08-06 11:03:30,624 -   Layers with L3 weights: 8
